E:\Plan B\Projects\Hospital demo\HospitalDemo\HospitalDemo\Client\dist\out-tsc\src\app\app.component.js
E:\Plan B\Projects\Hospital demo\HospitalDemo\HospitalDemo\Client\dist\out-tsc\src\app\app.component.js.map
E:\Plan B\Projects\Hospital demo\HospitalDemo\HospitalDemo\Client\dist\out-tsc\src\app\medicines\medicines.component.js
E:\Plan B\Projects\Hospital demo\HospitalDemo\HospitalDemo\Client\dist\out-tsc\src\app\medicines\medicines.component.js.map
E:\Plan B\Projects\Hospital demo\HospitalDemo\HospitalDemo\Client\dist\out-tsc\src\app\shared\medincine.model.js
E:\Plan B\Projects\Hospital demo\HospitalDemo\HospitalDemo\Client\dist\out-tsc\src\app\shared\medincine.model.js.map
E:\Plan B\Projects\Hospital demo\HospitalDemo\HospitalDemo\Client\dist\out-tsc\src\app\shared\medicineservice.service.js
E:\Plan B\Projects\Hospital demo\HospitalDemo\HospitalDemo\Client\dist\out-tsc\src\app\shared\medicineservice.service.js.map
E:\Plan B\Projects\Hospital demo\HospitalDemo\HospitalDemo\Client\dist\out-tsc\src\app\medicines\medicine\medicine.component.js
E:\Plan B\Projects\Hospital demo\HospitalDemo\HospitalDemo\Client\dist\out-tsc\src\app\medicines\medicine\medicine.component.js.map
E:\Plan B\Projects\Hospital demo\HospitalDemo\HospitalDemo\Client\dist\out-tsc\src\app\medicines\medicine-list\medicine-list.component.js
E:\Plan B\Projects\Hospital demo\HospitalDemo\HospitalDemo\Client\dist\out-tsc\src\app\medicines\medicine-list\medicine-list.component.js.map
E:\Plan B\Projects\Hospital demo\HospitalDemo\HospitalDemo\Client\dist\out-tsc\src\app\app.module.js
E:\Plan B\Projects\Hospital demo\HospitalDemo\HospitalDemo\Client\dist\out-tsc\src\app\app.module.js.map
E:\Plan B\Projects\Hospital demo\HospitalDemo\HospitalDemo\Client\dist\out-tsc\src\environments\environment.js
E:\Plan B\Projects\Hospital demo\HospitalDemo\HospitalDemo\Client\dist\out-tsc\src\environments\environment.js.map
E:\Plan B\Projects\Hospital demo\HospitalDemo\HospitalDemo\Client\dist\out-tsc\src\main.js
E:\Plan B\Projects\Hospital demo\HospitalDemo\HospitalDemo\Client\dist\out-tsc\src\main.js.map
E:\Plan B\Projects\Hospital demo\HospitalDemo\HospitalDemo\Client\dist\out-tsc\src\polyfills.js
E:\Plan B\Projects\Hospital demo\HospitalDemo\HospitalDemo\Client\dist\out-tsc\src\polyfills.js.map
E:\Plan B\Projects\Hospital demo\HospitalDemo\HospitalDemo\Client\dist\out-tsc\src\test.js
E:\Plan B\Projects\Hospital demo\HospitalDemo\HospitalDemo\Client\dist\out-tsc\src\test.js.map
E:\Plan B\Projects\Hospital demo\HospitalDemo\HospitalDemo\Client\dist\out-tsc\e2e\src\app.po.js
E:\Plan B\Projects\Hospital demo\HospitalDemo\HospitalDemo\Client\dist\out-tsc\e2e\src\app.po.js.map
E:\Plan B\Projects\Hospital demo\HospitalDemo\HospitalDemo\Client\dist\out-tsc\e2e\src\app.e2e-spec.js
E:\Plan B\Projects\Hospital demo\HospitalDemo\HospitalDemo\Client\dist\out-tsc\e2e\src\app.e2e-spec.js.map
E:\Plan B\Projects\Hospital demo\HospitalDemo\HospitalDemo\Client\dist\out-tsc\src\app\app.component.spec.js
E:\Plan B\Projects\Hospital demo\HospitalDemo\HospitalDemo\Client\dist\out-tsc\src\app\app.component.spec.js.map
E:\Plan B\Projects\Hospital demo\HospitalDemo\HospitalDemo\Client\dist\out-tsc\src\environments\environment.prod.js
E:\Plan B\Projects\Hospital demo\HospitalDemo\HospitalDemo\Client\dist\out-tsc\src\environments\environment.prod.js.map
E:\Plan B\Projects\Hospital demo\HospitalDemo\HospitalDemo\Client\dist\out-tsc\src\app\medicines\medicines.component.spec.js
E:\Plan B\Projects\Hospital demo\HospitalDemo\HospitalDemo\Client\dist\out-tsc\src\app\medicines\medicines.component.spec.js.map
E:\Plan B\Projects\Hospital demo\HospitalDemo\HospitalDemo\Client\dist\out-tsc\src\app\shared\medicineservice.service.spec.js
E:\Plan B\Projects\Hospital demo\HospitalDemo\HospitalDemo\Client\dist\out-tsc\src\app\shared\medicineservice.service.spec.js.map
E:\Plan B\Projects\Hospital demo\HospitalDemo\HospitalDemo\Client\dist\out-tsc\src\app\medicines\medicine\medicine.component.spec.js
E:\Plan B\Projects\Hospital demo\HospitalDemo\HospitalDemo\Client\dist\out-tsc\src\app\medicines\medicine\medicine.component.spec.js.map
E:\Plan B\Projects\Hospital demo\HospitalDemo\HospitalDemo\Client\dist\out-tsc\src\app\medicines\medicine-list\medicine-list.component.spec.js
E:\Plan B\Projects\Hospital demo\HospitalDemo\HospitalDemo\Client\dist\out-tsc\src\app\medicines\medicine-list\medicine-list.component.spec.js.map
